TN:
SF:script/Counter.s.sol
FN:7,CounterScript.setUp
FNDA:0,CounterScript.setUp
FN:9,CounterScript.run
FNDA:0,CounterScript.run
DA:10,0
FNF:2
FNH:0
LF:1
LH:0
BRF:0
BRH:0
end_of_record
TN:
SF:src/ArbitrageContract.sol
FN:27,ArbitrageContract.setUniswapAddress
FNDA:0,ArbitrageContract.setUniswapAddress
DA:28,0
FN:31,ArbitrageContract.callUniswapSwap
FNDA:2,ArbitrageContract.callUniswapSwap
DA:34,2
DA:41,2
DA:42,2
BRDA:42,0,0,1
BRDA:42,0,1,1
FN:45,ArbitrageContract.uniswapCall
FNDA:2,ArbitrageContract.uniswapCall
DA:46,2
DA:47,2
BRDA:47,1,0,1
BRDA:47,1,1,1
DA:48,1
DA:49,1
DA:50,1
DA:52,1
DA:53,1
FN:56,ArbitrageContract.initiateBorrow
FNDA:1,ArbitrageContract.initiateBorrow
DA:57,1
DA:58,1
DA:59,1
FN:62,ArbitrageContract.onFlashLoan
FNDA:1,ArbitrageContract.onFlashLoan
DA:68,1
DA:69,1
BRDA:69,2,0,-
BRDA:69,2,1,1
DA:70,1
DA:71,1
DA:72,1
DA:73,1
DA:74,1
DA:75,1
FNF:5
FNH:4
LF:22
LH:21
BRF:6
BRH:5
end_of_record
TN:
SF:src/RareCoin.sol
FN:9,RareCoin.mint
FNDA:6,RareCoin.mint
DA:10,6
FNF:1
FNH:1
LF:1
LH:1
BRF:0
BRH:0
end_of_record
TN:
SF:src/SkillsCoin.sol
FN:9,SkillsCoin.mint
FNDA:0,SkillsCoin.mint
DA:10,0
FNF:1
FNH:0
LF:1
LH:0
BRF:0
BRH:0
end_of_record
TN:
SF:src/UniswapFactory.sol
FN:13,UniswapFactory.createPairLiquidityPool
FNDA:0,UniswapFactory.createPairLiquidityPool
FNF:1
FNH:0
LF:0
LH:0
BRF:0
BRH:0
end_of_record
TN:
SF:src/UniswapPair.sol
FN:79,UniswapPair.setMintFeePercentageDenominator
FNDA:0,UniswapPair.setMintFeePercentageDenominator
DA:80,0
BRDA:80,0,0,-
BRDA:80,0,1,-
DA:81,0
BRDA:81,1,0,-
BRDA:81,1,1,-
DA:82,0
FN:85,UniswapPair.setFeeOn
FNDA:0,UniswapPair.setFeeOn
DA:86,0
BRDA:86,2,0,-
BRDA:86,2,1,-
DA:87,0
FN:90,UniswapPair.calculateRatio
FNDA:7,UniswapPair.calculateRatio
DA:97,7
DA:98,7
DA:100,7
DA:102,7
DA:104,7
BRDA:104,3,0,-
BRDA:104,3,1,5
DA:105,5
BRDA:105,4,0,-
BRDA:105,4,1,5
DA:107,5
DA:109,2
DA:110,2
DA:112,2
FN:130,UniswapPair.addLiquidity
FNDA:10,UniswapPair.addLiquidity
DA:136,10
BRDA:136,5,0,-
BRDA:136,5,1,10
DA:137,10
BRDA:137,6,0,-
BRDA:137,6,1,10
DA:138,10
BRDA:138,7,0,-
BRDA:138,7,1,10
DA:139,10
DA:140,10
DA:142,10
DA:143,10
DA:145,10
DA:147,10
BRDA:147,8,0,5
BRDA:147,8,1,5
DA:148,5
DA:149,5
DA:151,5
DA:155,10
DA:156,10
DA:158,10
DA:159,10
DA:161,10
DA:162,10
DA:164,10
DA:166,10
DA:167,10
BRDA:167,9,0,5
BRDA:167,9,1,5
DA:168,5
DA:170,5
DA:172,5
DA:174,5
DA:175,5
DA:176,5
DA:177,5
DA:179,5
BRDA:179,10,0,-
BRDA:179,10,1,5
DA:180,0
DA:182,5
DA:186,10
BRDA:186,11,0,-
BRDA:186,11,1,10
DA:187,10
DA:188,10
DA:190,10
BRDA:190,12,0,-
BRDA:190,12,1,10
DA:191,0
DA:193,10
FN:196,UniswapPair.originalFlashLoan
FNDA:2,UniswapPair.originalFlashLoan
DA:197,2
BRDA:197,13,0,-
BRDA:197,13,1,2
DA:198,2
DA:201,2
BRDA:201,14,0,-
BRDA:201,14,1,2
DA:202,2
BRDA:202,15,0,-
BRDA:202,15,1,2
DA:204,2
BRDA:204,16,0,2
BRDA:204,16,1,2
DA:205,2
DA:207,2
BRDA:207,17,0,2
BRDA:207,17,1,2
DA:208,2
DA:210,2
BRDA:210,18,0,1
BRDA:210,18,1,1
DA:211,2
DA:213,1
DA:214,1
DA:215,1
DA:216,1
DA:217,1
DA:218,1
DA:219,1
BRDA:219,19,0,1
BRDA:219,19,1,1
DA:220,1
DA:222,1
BRDA:222,20,0,1
BRDA:222,20,1,1
DA:223,1
DA:225,1
BRDA:225,21,0,-
BRDA:225,21,1,1
DA:227,1
DA:228,1
DA:229,1
DA:230,1
BRDA:230,22,0,-
BRDA:230,22,1,1
DA:231,1
FN:234,UniswapPair.calculateAdjustedBalance
FNDA:3,UniswapPair.calculateAdjustedBalance
DA:239,3
DA:240,3
DA:241,3
DA:242,3
FN:255,UniswapPair.removeLiquidity
FNDA:1,UniswapPair.removeLiquidity
DA:256,1
DA:258,1
DA:259,1
DA:260,1
DA:262,1
BRDA:262,23,0,-
BRDA:262,23,1,1
DA:263,1
DA:264,1
DA:265,1
DA:266,1
DA:268,1
DA:269,1
DA:270,1
DA:271,1
DA:273,1
BRDA:273,24,0,-
BRDA:273,24,1,1
DA:274,1
BRDA:274,25,0,-
BRDA:274,25,1,1
DA:276,1
DA:277,1
DA:278,1
DA:280,1
DA:281,1
DA:283,1
DA:284,1
DA:285,1
DA:286,1
BRDA:286,26,0,-
BRDA:286,26,1,1
DA:287,0
DA:289,1
FN:292,UniswapPair.calculateExactTokensForTokensOut
FNDA:1,UniswapPair.calculateExactTokensForTokensOut
DA:297,1
DA:298,1
DA:299,1
DA:300,1
DA:301,1
FN:304,UniswapPair.regularSwapExactTokensForTokens
FNDA:0,UniswapPair.regularSwapExactTokensForTokens
DA:310,0
BRDA:310,27,0,-
BRDA:310,27,1,-
DA:311,0
DA:316,0
DA:320,0
DA:323,0
BRDA:323,28,0,-
BRDA:323,28,1,-
DA:324,0
DA:325,0
DA:326,0
DA:327,0
DA:329,0
BRDA:329,29,0,-
BRDA:329,29,1,-
DA:334,0
BRDA:334,30,0,-
BRDA:334,30,1,-
DA:335,0
DA:337,0
FN:341,UniswapPair.calculateAmountIn
FNDA:0,UniswapPair.calculateAmountIn
FN:355,UniswapPair.regularSwapTokensForExactTokens
FNDA:2,UniswapPair.regularSwapTokensForExactTokens
DA:361,2
DA:363,2
BRDA:363,31,0,-
BRDA:363,31,1,2
DA:364,2
DA:369,2
DA:373,2
DA:375,2
DA:377,2
DA:379,2
DA:381,2
DA:382,2
DA:384,2
DA:385,2
BRDA:385,32,0,1
BRDA:385,32,1,1
DA:386,1
DA:387,1
DA:389,1
DA:390,1
DA:392,1
BRDA:392,33,0,-
BRDA:392,33,1,1
DA:397,1
BRDA:397,34,0,1
BRDA:397,34,1,-
DA:398,1
DA:400,0
FN:411,UniswapPair.internalAccounting
FNDA:14,UniswapPair.internalAccounting
DA:412,14
DA:413,14
DA:415,14
BRDA:415,35,0,-
BRDA:415,35,1,14
DA:416,0
DA:417,0
DA:418,0
DA:419,0
DA:420,0
DA:421,0
DA:422,0
DA:423,0
DA:426,14
DA:427,14
DA:428,14
FN:441,UniswapPair._mintFee
FNDA:11,UniswapPair._mintFee
DA:445,11
DA:446,11
DA:447,11
DA:448,11
BRDA:448,36,0,-
BRDA:448,36,1,-
DA:449,0
DA:450,0
BRDA:450,37,0,-
BRDA:450,37,1,-
DA:451,0
DA:452,0
DA:454,0
DA:456,0
DA:457,0
DA:458,0
DA:459,0
DA:461,0
BRDA:461,38,0,-
BRDA:461,38,1,-
DA:462,0
DA:463,0
DA:465,0
DA:466,0
DA:467,0
BRDA:467,39,0,-
BRDA:467,39,1,-
DA:468,0
DA:472,11
BRDA:472,40,0,-
BRDA:472,40,1,11
DA:473,0
FN:477,UniswapPair.calculateFeesMinted
FNDA:1,UniswapPair.calculateFeesMinted
DA:483,1
DA:484,1
DA:485,1
DA:486,1
DA:487,1
DA:489,1
FN:492,UniswapPair.flashFee
FNDA:0,UniswapPair.flashFee
DA:493,0
BRDA:493,41,0,-
BRDA:493,41,1,-
DA:494,0
FN:497,UniswapPair._flashFee
FNDA:1,UniswapPair._flashFee
DA:498,1
DA:499,1
FN:502,UniswapPair.flashLoan
FNDA:1,UniswapPair.flashLoan
DA:507,1
BRDA:507,42,0,-
BRDA:507,42,1,1
DA:508,1
BRDA:508,43,0,-
BRDA:508,43,1,1
DA:509,1
DA:511,1
DA:512,1
BRDA:512,44,0,-
BRDA:512,44,1,1
DA:517,1
DA:518,1
DA:519,1
DA:520,1
DA:521,1
DA:522,1
FN:525,UniswapPair.maxFlashLoan
FNDA:0,UniswapPair.maxFlashLoan
DA:526,0
FN:529,UniswapPair._maxFlashLoan
FNDA:1,UniswapPair._maxFlashLoan
DA:530,1
FNF:19
FNH:13
LF:205
LH:155
BRF:90
BRH:41
end_of_record
TN:
SF:src/UniswapRewardToken.sol
FN:9,UniswapRewardToken.mint
FNDA:0,UniswapRewardToken.mint
DA:10,0
FNF:1
FNH:0
LF:1
LH:0
BRF:0
BRH:0
end_of_record
TN:
SF:test/UniswapPairHarness.sol
FN:12,UniswapPairHarness.calculateRatio_harness
FNDA:2,UniswapPairHarness.calculateRatio_harness
DA:19,2
DA:20,2
FN:23,UniswapPairHarness._mintFee_harness
FNDA:0,UniswapPairHarness._mintFee_harness
DA:27,0
FN:30,UniswapPairHarness.internalAccounting_harness
FNDA:0,UniswapPairHarness.internalAccounting_harness
DA:31,0
FN:34,UniswapPairHarness.calculateFeesMinted_harness
FNDA:1,UniswapPairHarness.calculateFeesMinted_harness
DA:40,1
FN:43,UniswapPairHarness.calculateAdjustedBalance_harness
FNDA:1,UniswapPairHarness.calculateAdjustedBalance_harness
DA:48,1
FN:51,UniswapPairHarness.calculateExactTokensForTokensOut_harness
FNDA:1,UniswapPairHarness.calculateExactTokensForTokensOut_harness
DA:56,1
FNF:6
FNH:4
LF:7
LH:5
BRF:0
BRH:0
end_of_record
TN:
SF:test/utils/Setup.sol
FN:28,Setup.setUp
FNDA:0,Setup.setUp
DA:29,0
DA:30,0
DA:31,0
DA:32,0
DA:33,0
DA:34,0
DA:35,0
DA:36,0
DA:37,0
DA:38,0
DA:39,0
DA:40,0
DA:41,0
FNF:1
FNH:0
LF:13
LH:0
BRF:0
BRH:0
end_of_record
